<?xml version="1.0" encoding="UTF-8"?>
<!-- Generated by org.testng.reporters.JUnitReportReporter -->
<testsuite hostname="Karthik" failures="0" tests="1" name="facebook.Scenarios" time="3.481" errors="0" timestamp="2020-12-13T20:03:43 IST" skipped="0">
  <testcase classname="facebook.Scenarios" name="login" time="3.481"/>
  <system-out/>
</testsuite> <!-- facebook.Scenarios -->
