<?xml version="1.0" encoding="UTF-8"?>
<!-- Generated by org.testng.reporters.JUnitReportReporter -->
<testsuite hostname="Karthik" failures="0" tests="1" name="facebook.Scenario2" time="2.665" errors="0" timestamp="2020-12-13T20:03:43 IST" skipped="0">
  <testcase classname="facebook.Scenario2" name="forgot" time="2.665"/>
  <system-out/>
</testsuite> <!-- facebook.Scenario2 -->
