<?xml version="1.0" encoding="UTF-8"?>
<!-- Generated by org.testng.reporters.JUnitReportReporter -->
<testsuite hostname="Karthik" failures="0" tests="1" name="facebook.Scenario3" time="5.554" errors="0" timestamp="2020-12-13T20:12:17 IST" skipped="0">
  <testcase classname="facebook.Scenario3" name="signup" time="5.554"/>
  <system-out/>
</testsuite> <!-- facebook.Scenario3 -->
