<?xml version="1.0" encoding="UTF-8"?>
<!-- Generated by org.testng.reporters.JUnitReportReporter -->
<testsuite hostname="Karthik" failures="0" tests="1" name="Sampl1" time="0.030" errors="0" timestamp="26 Nov 2020 17:47:58 GMT">
  <testcase classname="Sampl1" name="sampleOutput" time="0.030"/>
</testsuite> <!-- Sampl1 -->
